#
# A fatal error has been detected by the Java Runtime Environment:
#
#  EXCEPTION_ACCESS_VIOLATION (0xc0000005) at pc=0x6d9ae7ab, pid=11632, tid=6736
#
# JRE version: 6.0_24-b07
# Java VM: Java HotSpot(TM) Client VM (19.1-b02 mixed mode windows-x86 )
# Problematic frame:
# V  [jvm.dll+0x10e7ab]
#
# If you would like to submit a bug report, please visit:
#   http://java.sun.com/webapps/bugreport/crash.jsp
#

---------------  T H R E A D  ---------------

Current thread (0x01b47400):  JavaThread "JDWP Transport Listener: dt_socket" daemon [_thread_in_vm, id=6736, stack(0x17df0000,0x17e40000)]

siginfo: ExceptionCode=0xc0000005, reading address 0x65766972

Registers:
EAX=0x65766972, EBX=0x00000000, ECX=0x000071ee, EDX=0x00000000
ESP=0x17e3fa14, EBP=0x17e3fa18, ESI=0x01b47400, EDI=0x000c8480
EIP=0x6d9ae7ab, EFLAGS=0x00010206

Register to memory mapping:

EAX=0x65766972
0x65766972 is pointing to unknown location

EBX=0x00000000
0x00000000 is pointing to unknown location

ECX=0x000071ee
0x000071ee is pointing to unknown location

EDX=0x00000000
0x00000000 is pointing to unknown location

ESP=0x17e3fa14
0x17e3fa14 is pointing into the stack for thread: 0x01b47400
"JDWP Transport Listener: dt_socket" daemon prio=6 tid=0x01b47400 nid=0x1a50 runnable [0x00000000]
   java.lang.Thread.State: RUNNABLE

EBP=0x17e3fa18
0x17e3fa18 is pointing into the stack for thread: 0x01b47400
"JDWP Transport Listener: dt_socket" daemon prio=6 tid=0x01b47400 nid=0x1a50 runnable [0x00000000]
   java.lang.Thread.State: RUNNABLE

ESI=0x01b47400
"JDWP Transport Listener: dt_socket" daemon prio=6 tid=0x01b47400 nid=0x1a50 runnable [0x00000000]
   java.lang.Thread.State: RUNNABLE

EDI=0x000c8480
0x000c8480 is pointing to unknown location


Top of Stack: (sp=0x17e3fa14)
0x17e3fa14:   01b47400 17e3fa40 6d9d3412 65766972
0x17e3fa24:   17e3fac4 17e3fa7b 01b47400 00000000
0x17e3fa34:   00000000 00000000 01b47400 17e3fa7c
0x17e3fa44:   6d43976e 000c8480 65766972 17e3fa7b
0x17e3fa54:   65766972 6d4242c9 65766972 17e3fa7b
0x17e3fa64:   00000016 00000000 00000000 0000000a
0x17e3fa74:   00000000 00e3fa9c 17e3fa9c 6d424434
0x17e3fa84:   00000001 17e3fab8 17e3fc54 6d442b02 

Instructions: (pc=0x6d9ae7ab)
0x6d9ae79b:   cc cc cc cc cc 55 8b ec 8b 45 08 85 c0 56 74 25
0x6d9ae7ab:   8b 30 85 f6 74 1f 81 fe fe fe fe fe 74 17 8b 46 


Stack: [0x17df0000,0x17e40000],  sp=0x17e3fa14,  free space=318k
Native frames: (J=compiled Java code, j=interpreted, Vv=VM code, C=native code)
V  [jvm.dll+0x10e7ab]
V  [jvm.dll+0x133412]
C  [jdwp.dll+0x1976e]
C  [jdwp.dll+0x4434]
C  [jdwp.dll+0x4472]
C  [jdwp.dll+0x17d53]
V  [jvm.dll+0x18317c]
C  [msvcr71.dll+0x9565]
C  [kernel32.dll+0x4ee1c]
C  [ntdll.dll+0x637fb]
C  [ntdll.dll+0x637ce]


---------------  P R O C E S S  ---------------

Java Threads: ( => current thread )
  0x01b64800 JavaThread "Low Memory Detector" daemon [_thread_blocked, id=4232, stack(0x17fc0000,0x18010000)]
  0x01b60c00 JavaThread "CompilerThread0" daemon [_thread_blocked, id=11668, stack(0x17f70000,0x17fc0000)]
  0x01b4c000 JavaThread "JDWP Command Reader" daemon [_thread_in_native, id=2756, stack(0x17e90000,0x17ee0000)]
  0x01b49000 JavaThread "JDWP Event Helper Thread" daemon [_thread_blocked, id=2508, stack(0x17e40000,0x17e90000)]
=>0x01b47400 JavaThread "JDWP Transport Listener: dt_socket" daemon [_thread_in_vm, id=6736, stack(0x17df0000,0x17e40000)]
  0x01b3c000 JavaThread "Attach Listener" daemon [_thread_blocked, id=11288, stack(0x17d10000,0x17d60000)]
  0x01b39000 JavaThread "Signal Dispatcher" daemon [_thread_blocked, id=7572, stack(0x17cc0000,0x17d10000)]
  0x01b0f400 JavaThread "Finalizer" daemon [_thread_blocked, id=11212, stack(0x17c70000,0x17cc0000)]
  0x01b0a800 JavaThread "Reference Handler" daemon [_thread_blocked, id=7716, stack(0x17c20000,0x17c70000)]
  0x000cbc00 JavaThread "main" [_thread_blocked, id=11928, stack(0x00340000,0x00390000)]

Other Threads:
  0x01b07000 VMThread [stack: 0x17bd0000,0x17c20000] [id=6520]
  0x18430400 WatcherThread [stack: 0x18010000,0x18060000] [id=11324]

VM state:not at safepoint (normal execution)

VM Mutex/Monitor currently owned by a thread: None

Heap
 def new generation   total 4928K, used 675K [0x03b70000, 0x040c0000, 0x090c0000)
  eden space 4416K,   3% used [0x03b70000, 0x03b99f18, 0x03fc0000)
  from space 512K,  99% used [0x03fc0000, 0x0403ecf8, 0x04040000)
  to   space 512K,   0% used [0x04040000, 0x04040000, 0x040c0000)
 tenured generation   total 10944K, used 0K [0x090c0000, 0x09b70000, 0x13b70000)
   the space 10944K,   0% used [0x090c0000, 0x090c0000, 0x090c0200, 0x09b70000)
 compacting perm gen  total 12288K, used 5764K [0x13b70000, 0x14770000, 0x17b70000)
   the space 12288K,  46% used [0x13b70000, 0x14111100, 0x14111200, 0x14770000)
No shared spaces configured.

Dynamic libraries:
0x00400000 - 0x00424000 	C:\UserTemp\I19451\software\jdk1.6.0_24\bin\javaw.exe
0x77cf0000 - 0x77e2d000 	C:\Windows\SYSTEM32\ntdll.dll
0x779c0000 - 0x77a94000 	C:\Windows\system32\kernel32.dll
0x75f80000 - 0x75fcb000 	C:\Windows\system32\KERNELBASE.dll
0x76180000 - 0x76220000 	C:\Windows\system32\ADVAPI32.dll
0x778c0000 - 0x7796c000 	C:\Windows\system32\msvcrt.dll
0x77470000 - 0x77489000 	C:\Windows\SYSTEM32\sechost.dll
0x77c40000 - 0x77ce2000 	C:\Windows\system32\RPCRT4.dll
0x77370000 - 0x77439000 	C:\Windows\system32\USER32.dll
0x77e60000 - 0x77eae000 	C:\Windows\system32\GDI32.dll
0x77e40000 - 0x77e4a000 	C:\Windows\system32\LPK.dll
0x76540000 - 0x765dd000 	C:\Windows\system32\USP10.dll
0x765e0000 - 0x765ff000 	C:\Windows\system32\IMM32.DLL
0x777f0000 - 0x778bc000 	C:\Windows\system32\MSCTF.dll
0x7c340000 - 0x7c396000 	C:\UserTemp\I19451\software\jdk1.6.0_24\jre\bin\msvcr71.dll
0x6d8a0000 - 0x6db46000 	C:\UserTemp\I19451\software\jdk1.6.0_24\jre\bin\client\jvm.dll
0x743b0000 - 0x743e2000 	C:\Windows\system32\WINMM.dll
0x75db0000 - 0x75dfc000 	C:\Windows\system32\apphelp.dll
0x6d850000 - 0x6d85c000 	C:\UserTemp\I19451\software\jdk1.6.0_24\jre\bin\verify.dll
0x6d3d0000 - 0x6d3ef000 	C:\UserTemp\I19451\software\jdk1.6.0_24\jre\bin\java.dll
0x6d330000 - 0x6d338000 	C:\UserTemp\I19451\software\jdk1.6.0_24\jre\bin\hpi.dll
0x77e50000 - 0x77e55000 	C:\Windows\system32\PSAPI.DLL
0x6d420000 - 0x6d449000 	C:\UserTemp\I19451\software\jdk1.6.0_24\jre\bin\jdwp.dll
0x6d740000 - 0x6d746000 	C:\UserTemp\I19451\software\jdk1.6.0_24\jre\bin\npt.dll
0x6d890000 - 0x6d89f000 	C:\UserTemp\I19451\software\jdk1.6.0_24\jre\bin\zip.dll
0x6d2b0000 - 0x6d2b7000 	C:\UserTemp\I19451\software\jdk1.6.0_24\jre\bin\dt_socket.dll
0x775f0000 - 0x77625000 	C:\Windows\system32\WS2_32.dll
0x77eb0000 - 0x77eb6000 	C:\Windows\system32\NSI.dll
0x743a0000 - 0x743b0000 	C:\Windows\system32\NLAapi.dll
0x6c010000 - 0x6c020000 	C:\Windows\system32\napinsp.dll
0x6bff0000 - 0x6c002000 	C:\Windows\system32\pnrpnsp.dll
0x758e0000 - 0x7591c000 	C:\Windows\System32\mswsock.dll
0x757a0000 - 0x757e4000 	C:\Windows\system32\DNSAPI.dll
0x6bfe0000 - 0x6bfe8000 	C:\Windows\System32\winrnr.dll
0x73600000 - 0x7361c000 	C:\Windows\system32\IPHLPAPI.DLL
0x735c0000 - 0x735c7000 	C:\Windows\system32\WINNSI.DLL
0x733e0000 - 0x73418000 	C:\Windows\System32\fwpuclnt.dll
0x6ca40000 - 0x6ca46000 	C:\Windows\system32\rasadhlp.dll
0x752f0000 - 0x752f5000 	C:\Windows\System32\wshtcpip.dll
0x6d6b0000 - 0x6d6c3000 	C:\UserTemp\I19451\software\jdk1.6.0_24\jre\bin\net.dll
0x758d0000 - 0x758d6000 	C:\Windows\System32\wship6.dll

VM Arguments:
jvm_args: -agentlib:jdwp=transport=dt_socket,suspend=y,address=localhost:62993 -Dfile.encoding=UTF-8 -Xbootclasspath:C:\UserTemp\I19451\software\jdk1.6.0_24\jre\lib\resources.jar;C:\UserTemp\I19451\software\jdk1.6.0_24\jre\lib\rt.jar;C:\UserTemp\I19451\software\jdk1.6.0_24\jre\lib\jsse.jar;C:\UserTemp\I19451\software\jdk1.6.0_24\jre\lib\jce.jar;C:\UserTemp\I19451\software\jdk1.6.0_24\jre\lib\charsets.jar;C:\UserTemp\I19451\software\jdk1.6.0_24\lib\tools.jar -Duser.home=H:\AppData.W7\Sun 
java_command: org.jake.depmanagement.ivy.JakeIvyRunner
Launcher Type: SUN_STANDARD

Environment Variables:
JAVA_HOME=C:\UserTemp\I19451\software\jdk1.6.0_24
_JAVA_OPTIONS=-Duser.home=H:\AppData.W7\Sun
PATH=C:\UserTemp\I19451\software\jdk1.6.0_24\jre\bin;C:\Windows\system32;C:\Windows;C:\Windows\System32\Wbem;C:\Windows\System32\WindowsPowerShell\v1.0\;C:\Tools\SysTools;C:\Tools\PubTools;C:\Program Files\Installation Engine-IPST;C:\Program Files\Perl\site\bin;C:\Program Files\Perl\bin;C:\Program Files\Runtime\;C:\Program Files\NeosBeWksFrameWork;C:\Program Files\AppVClient-NTST;C:\PROGRA~1\CA\SC\etpki\lib;C:\Program Files\CA\SharedComponents\PEC\bin;C:\Program Files\CascmClient-CFDI\Cryptography;C:\Program Files\CascmClient-CFDI\SCM;C:\UserTemp\I19451\software\apache-maven-3.0.3\bin;C:\UserTemp\I19451\git_repo\jake\build\output\jake-distrib
USERNAME=i19451
OSTYPE=W732
OS=Windows_NT
PROCESSOR_IDENTIFIER=x86 Family 6 Model 58 Stepping 9, GenuineIntel



---------------  S Y S T E M  ---------------

OS: Windows 7 Build 7601 Service Pack 1

CPU:total 4 (4 cores per cpu, 1 threads per core) family 6 model 58 stepping 9, cmov, cx8, fxsr, mmx, sse, sse2, sse3, ssse3, sse4.1, sse4.2, popcnt

Memory: 4k page, physical 3645936k(1101488k free), swap 7597328k(3030444k free)

vm_info: Java HotSpot(TM) Client VM (19.1-b02) for windows-x86 JRE (1.6.0_24-b07), built on Feb  2 2011 17:44:41 by "java_re" with MS VC++ 7.1 (VS2003)

time: Wed Jan 14 18:13:14 2015
elapsed time: 2215 seconds

